0
2000
0
2001
1
2
j2001
j2000
1
.........
1
........C
1
........C
1
....E...C
1
....E...C
1
....E..CC
1
....E..CC
1
....E.ECC
1
....E.ECC
1
..C.E.ECC
1
..C.E.ECC
1
..CeE.ECC
1
..CeE.ECC
1
.cCeE.E.C
1
.cCeE.E.C
1
.cCee.E.C
1
.cCee.E.C
1
Cc.ee.E.C
1
Cc.ee.E.C
1
Cc.eE.E.C
1
Cc.eE.E.C
1
.cceE.E.C
1
.cceE.E.C
1
.ccEE.E.C
1
.ccEE.E.C
1
.CcEE.E.C
1
.CcEE.E.C
1
.CcEE.e.C
1
.CcEE.e.C
1
.CcEE.e.c
1
.CcEE.e.c
1
.Cc.EEe.c
1
.Cc.EEe.c
1
.CC.EEe.c
1
.CC.EEe.c
1
.CC.eEe.c
1
.CC.eEe.c
1
CC..eEe.c
1
CC..eEe.c
1
CCE.eE..c
1
CCE.eE..c
1
CcE.eE..c
1
CcE.eE..c
1
Cce.eE..c
1
Cce.eE..c
1
Cce.eE..C
1
Cce.eE..C
1
Cce.EE..C
1
Cce.EE..C
1
Cce.EEC..
1
Cce.EEC..
1
Cce.EeC..
1
Cce.EeC..
1
CCe.EeC..
1
CCe.EeC..
1
CCe.EEC..
1
CCe.EEC..
1
cCe.EEC..
1
cCe.EEC..
1
cCe.eEC..
1
cCe.eEC..
1
cCe.eEc..
1
cCe.eEc..
1
cCE.eEc..
1
cCE.eEc..
1
.CE.eEc.c
1
.CE.eEc.c
1
.CEEe.c.c
1
.CEEe.c.c
1
.CEEe.C.c
1
.CEEe.C.c
1
.CEEE.C.c
1
.CEEE.C.c
1
.CEEE.c.c
1
.CEEE.c.c
1
eC.EE.c.c
1
eC.EE.c.c
1
eC.EE.c.C
1
eC.EE.c.C
1
eC.Ee.c.C
1
eC.Ee.c.C
1
eCcEe...C
1
eCcEe...C
1
eCc.ee..C
1
eCc.ee..C
1
e.c.ee.CC
1
e.c.ee.CC
1
E.c.ee.CC
1
E.c.ee.CC
1
ECc.ee..C
1
ECc.ee..C
1
ECc.Ee..C
1
ECc.Ee..C
1
EC..Eec.C
1
EC..Eec.C
1
EC..eec.C
1
EC..eec.C
1
ECc.ee..C
1
ECc.ee..C
1
ECc.eE..C
1
ECc.eE..C
1
E.c.eE.cC
1
E.c.eE.cC
1
E.c.ee.cC
1
E.c.ee.cC
1
E...eeccC
3
2
0
0
0
2002
0
2003
1
2
j2003
j2002
1
.........
1
...c.....
1
...c.....
1
...c...E.
1
...c...E.
1
...cc..E.
1
...cc..E.
1
...cc.eE.
1
...cc.eE.
1
..Ccc.eE.
1
..Ccc.eE.
1
..Ccc.eEe
3
2
0
0
0
2004
0
2005
1
2
j2005
j2004
1
.........
1
.....C...
1
.....C...
1
.....C..E
1
.....C..E
1
..c..C..E
1
..c..C..E
1
.Ec..C..E
1
.Ec..C..E
1
.Ec..CC.E
1
.Ec..CC.E
1
.Ec..CCEE
1
.Ec..CCEE
1
.EC..CCEE
1
.EC..CCEE
1
.EC..CCeE
1
.EC..CCeE
1
.EC..CceE
1
.EC..CceE
1
.EC..CcEE
1
.EC..CcEE
1
.EC..CCEE
1
.EC..CCEE
1
.EC..CCeE
1
.EC..CCeE
1
cE...CCeE
1
cE...CCeE
1
ce...CCeE
1
ce...CCeE
1
Ce...CCeE
1
Ce...CCeE
1
Ce...CCEE
1
Ce...CCEE
1
Ce...CcEE
1
Ce...CcEE
1
CE...CcEE
1
CE...CcEE
1
CE...CCEE
1
CE...CCEE
1
Ce...CCEE
1
Ce...CCEE
1
Ce...CcEE
1
Ce...CcEE
1
Ce...CcEe
1
Ce...CcEe
1
Ce...ccEe
1
Ce...ccEe
1
CE...ccEe
1
CE...ccEe
1
CE...CcEe
1
CE...CcEe
1
CE...CcEE
1
CE...CcEE
1
CEc..C.EE
1
CEc..C.EE
1
CEc..C.eE
1
CEc..C.eE
1
.Ec..CceE
1
.Ec..CceE
1
.Ec..Ccee
1
.Ec..Ccee
1
.Ecc..cee
1
.Ecc..cee
1
.ecc..cee
1
.ecc..cee
1
.ecC..cee
1
.ecC..cee
1
.ecC..ceE
1
.ecC..ceE
1
.eCC..ceE
1
.eCC..ceE
1
.eCC..cee
1
.eCC..cee
1
.eC..ccee
1
.eC..ccee
1
.eC..cceE
1
.eC..cceE
1
.ec..cceE
1
.ec..cceE
1
.ec..ccEE
1
.ec..ccEE
1
.eC..ccEE
1
.eC..ccEE
1
.EC..ccEE
1
.EC..ccEE
1
.EC..CcEE
1
.EC..CcEE
1
.EC..CceE
1
.EC..CceE
1
CE...CceE
1
CE...CceE
1
CE...CcEE
1
CE...CcEE
1
CE...ccEE
1
CE...ccEE
1
Ce...ccEE
1
Ce...ccEE
1
Cec..c.EE
1
Cec..c.EE
1
CEc..c.EE
1
CEc..c.EE
1
CEc..C.EE
1
CEc..C.EE
1
CEc..C.eE
1
CEc..C.eE
1
cEc..C.eE
1
cEc..C.eE
1
cec..C.eE
1
cec..C.eE
1
ce...CCeE
1
ce...CCeE
1
ceE..CCe.
0
0
0
0
2006
0
2007
1
2
j2007
j2006
1
.........
1
.......C.
1
.......C.
1
.e.....C.
1
.e.....C.
1
.eC....C.
1
.eC....C.
1
.eC.E..C.
1
.eC.E..C.
1
CeC.E..C.
1
CeC.E..C.
1
CeC.E..Ce
1
CeC.E..Ce
1
Cec.E..Ce
1
Cec.E..Ce
1
Cec.E..CE
1
Cec.E..CE
1
cec.E..CE
1
cec.E..CE
1
cEc.E..CE
1
cEc.E..CE
1
cEc.E..cE
1
cEc.E..cE
1
cEc.E..ce
1
cEc.E..ce
1
CEc.E..ce
1
CEc.E..ce
1
CEc.e..ce
1
CEc.e..ce
1
CEc.e..Ce
1
CEc.e..Ce
1
Cec.e..Ce
1
Cec.e..Ce
1
cec.e..Ce
1
cec.e..Ce
1
cec.e..CE
1
cec.e..CE
1
cec.e..cE
1
cec.e..cE
1
cEc.e..cE
1
cEc.e..cE
1
CEc.e..cE
1
CEc.e..cE
1
CEc.E..cE
1
CEc.E..cE
1
CEc.E..CE
1
CEc.E..CE
1
CEc.e..CE
1
CEc.e..CE
1
CE..e.cCE
1
CE..e.cCE
1
Ce..e.cCE
1
Ce..e.cCE
1
.eC.e.cCE
1
.eC.e.cCE
1
.eC.E.cCE
1
.eC.E.cCE
1
Ce..E.cCE
1
Ce..E.cCE
1
Cee.E.cC.
1
Cee.E.cC.
1
Cee.E.cc.
1
Cee.E.cc.
1
Cee.e.cc.
1
Cee.e.cc.
1
Cee.e.Cc.
1
Cee.e.Cc.
1
CEe.e.Cc.
1
CEe.e.Cc.
1
CEe.e.CC.
1
CEe.e.CC.
1
Cee.e.CC.
1
Cee.e.CC.
1
Cee.e.Cc.
1
Cee.e.Cc.
1
CeE.e.Cc.
1
CeE.e.Cc.
1
ceE.e.Cc.
1
ceE.e.Cc.
1
cEE.e.Cc.
1
cEE.e.Cc.
1
cEE.e.CC.
1
cEE.e.CC.
1
cEe.e.CC.
1
cEe.e.CC.
1
cEe.e.Cc.
1
cEe.e.Cc.
1
cee.e.Cc.
1
cee.e.Cc.
1
cee.e.CC.
1
cee.e.CC.
1
cEe.e.CC.
1
cEe.e.CC.
1
.Ee.e.CCC
3
2
0
0
0
2008
0
2009
1
2
j2009
j2008
1
.........
1
C........
1
C........
1
C......E.
1
C......E.
1
C.....cE.
1
C.....cE.
1
Ce....cE.
1
Ce....cE.
1
Ce..C.cE.
1
Ce..C.cE.
1
Ce..C.cEE
1
Ce..C.cEE
1
Ce..c.cEE
1
Ce..c.cEE
1
Ce..c.ceE
1
Ce..c.ceE
1
Ce..C.ceE
1
Ce..C.ceE
1
Ce..C.cee
1
Ce..C.cee
1
.ec.C.cee
1
0
0
0
0
2010
0
2011
1
2
j2011
j2010
1
.........
1
..C......
1
..C......
1
.EC......
1
.EC......
1
.EC.C....
1
.EC.C....
1
.EC.C..e.
1
.EC.C..e.
1
CEC.C..e.
1
CEC.C..e.
1
CEC.C.Ee.
1
CEC.C.Ee.
1
cEC.C.Ee.
1
cEC.C.Ee.
1
cEC.C.EE.
1
cEC.C.EE.
1
.EC.C.EEc
1
.EC.C.EEc
1
.EC.C.Eec
1
.EC.C.Eec
1
.EC.C.EeC
1
.EC.C.EeC
1
.EC.C.EEC
1
.EC.C.EEC
1
.EC.C.EEc
1
.EC.C.EEc
1
.EC.C.Eec
1
.EC.C.Eec
1
.EC.c.Eec
1
.EC.c.Eec
1
.EC.c.EEc
1
.EC.c.EEc
1
.Ec.c.EEc
1
.Ec.c.EEc
1
EEc.c..Ec
1
EEc.c..Ec
1
EE..c.cEc
3
EE..c.cEc
-2
EE..c.cEc
2
EE..c.cEc
-2
EE..c.cEc
3
EE..c.cEc
-2
EE..c.cEc
2
EE..c.cEc
-2
EE..c.cEc
3
EE..c.cEc
-2
EE..c.cEc
2
EE..c.cEc
-2
EE..c.cEc
3
EE..c.cEc
-2
EE..c.cEc
2
EE..c.cEc
-2
EE..c.cEc
3
EE..c.cEc
-2
EE..c.cEc
2
EE..c.cEc
-2
EE..c.cEc
3
EE..c.cEc
-2
EE..c.cEc
2
EE..c.cEc
-2
EE..c.cEc
3
EE..c.cEc
-2
EE..c.cEc
2
EE..c.cEc
-2
EE..c.cEc
3
EE..c.cEc
-2
EE..c.cEc
2
EE..c.cEc
-2
EE..c.cEc
3
EE..c.cEc
-2
EE..c.cEc
2
EE..c.cEc
-2
EE..c.cEc
3
EE..c.cEc
-2
EE..c.cEc
2
EE..c.cEc
-2
EE..c.cEc
3
EE..c.cEc
-2
EE..c.cEc
2
EE..c.cEc
-2
EE..c.cEc
3
EE..c.cEc
-2
EE..c.cEc
2
EE..c.cEc
-2
EE..c.cEc
3
EE..c.cEc
-2
EE..c.cEc
2
EE..c.cEc
-2
EE..c.cEc
3
EE..c.cEc
-2
EE..c.cEc
2
EE..c.cEc
-2
EE..c.cEc
3
EE..c.cEc
-2
EE..c.cEc
2
EE..c.cEc
-2
EE..c.cEc
3
EE..c.cEc
-2
EE..c.cEc
2
EE..c.cEc
-2
EE..c.cEc
3
EE..c.cEc
-2
EE..c.cEc
2
EE..c.cEc
-2
EE..c.cEc
3
EE..c.cEc
-2
EE..c.cEc
2
EE..c.cEc
-2
EE..c.cEc
3
EE..c.cEc
-2
EE..c.cEc
3
0
0
0
2012
0
2013
1
2
j2013
j2012
1
.........
1
....c....
1
....c....
1
E...c....
1
E...c....
1
Ec..c....
1
Ec..c....
1
Ec..c...e
1
Ec..c...e
1
Ec..c.c.e
1
Ec..c.c.e
1
Ec.Ec.c.e
1
Ec.Ec.c.e
1
EC.Ec.c.e
1
EC.Ec.c.e
1
EC.ec.c.e
1
EC.ec.c.e
1
ECCec...e
1
ECCec...e
1
eCCec...e
1
eCCec...e
1
eCCeC...e
1
eCCeC...e
1
eCCeC...E
1
eCCeC...E
1
eCCec...E
1
eCCec...E
1
eCCec.e..
3
2
0
0
0
2014
0
2015
1
2
j2015
j2014
1
.........
1
.c.......
1
.c.......
1
Ec.......
1
Ec.......
1
Ec..C....
1
Ec..C....
1
Ec.eC....
1
Ec.eC....
1
Ec.eC..C.
3
2
0
0
0
2016
0
2017
1
2
j2017
j2016
1
.........
1
........c
1
........c
1
.....E..c
1
.....E..c
1
....cE..c
1
....cE..c
1
.e..cE..c
1
.e..cE..c
1
.e.ccE..c
1
.e.ccE..c
1
ee.ccE..c
1
ee.ccE..c
1
ee.cCE..c
1
ee.cCE..c
1
eE.cCE..c
1
eE.cCE..c
1
eE.cCE..C
1
eE.cCE..C
1
eE.cCe..C
1
eE.cCe..C
1
eE.cCeC..
1
eE.cCeC..
1
EE.cCeC..
1
EE.cCeC..
1
EE.cceC..
1
EE.cceC..
1
eE.cceC..
1
eE.cceC..
1
eE.CceC..
1
eE.CceC..
1
ee.CceC..
1
ee.CceC..
1
ee.Ccec..
1
ee.Ccec..
1
eE.Ccec..
1
eE.Ccec..
1
eE.ccec..
1
eE.ccec..
1
ee.ccec..
1
ee.ccec..
1
ee.cCec..
1
ee.cCec..
1
Ee.cCec..
1
Ee.cCec..
1
Ee.CCec..
1
Ee.CCec..
1
EE.CCec..
1
EE.CCec..
1
EE.Ccec..
1
EE.Ccec..
1
EE.CcEc..
1
EE.CcEc..
1
EE.CCEc..
1
EE.CCEc..
1
eE.CCEc..
1
eE.CCEc..
1
eE.cCEc..
1
eE.cCEc..
1
eE.cCec..
1
eE.cCec..
1
eE.CCec..
1
eE.CCec..
1
e..CCecE.
1
e..CCecE.
1
e..cCecE.
1
e..cCecE.
1
...cCecEe
1
...cCecEe
1
...ccecEe
1
...ccecEe
1
...ccEcEe
1
...ccEcEe
1
...CcEcEe
1
...CcEcEe
1
...CcEcee
1
...CcEcee
1
...ccEcee
1
...ccEcee
1
...ccEcEe
1
...ccEcEe
1
...cCEcEe
1
...cCEcEe
1
...cCEcEE
1
...cCEcEE
1
...CCEcEE
1
...CCEcEE
1
.E.CCEc.E
1
.E.CCEc.E
1
.E.CCEC.E
1
.E.CCEC.E
1
.E.CCEC.e
1
.E.CCEC.e
1
.E.cCEC.e
1
.E.cCEC.e
1
.E.cCeC.e
1
.E.cCeC.e
1
.E.CCeC.e
1
.E.CCeC.e
1
eE.CCeC..
1
eE.CCeC..
1
eE.cCeC..
1
eE.cCeC..
1
eE.cCEC..
1
eE.cCEC..
1
eE.ccEC..
1
eE.ccEC..
1
EE.ccEC..
1
EE.ccEC..
1
EE.cCEC..
1
EE.cCEC..
1
Ee.cCEC..
0
0
0
0
2018
0
2019
1
2
j2019
j2018
1
.........
1
......C..
1
......C..
1
...E..C..
1
...E..C..
1
...E..C.c
1
...E..C.c
1
...E..Cec
1
...E..Cec
1
...E.cCec
1
...E.cCec
1
.E.E.cCec
1
.E.E.cCec
1
.E.E.ccec
1
.E.E.ccec
1
.e.E.ccec
1
.e.E.ccec
1
ce.E.cce.
1
ce.E.cce.
1
cE.E.cce.
1
cE.E.cce.
1
cE.E.cCe.
1
cE.E.cCe.
1
cE.e.cCe.
1
cE.e.cCe.
1
cE.e.CCe.
1
cE.e.CCe.
1
cE.E.CCe.
1
cE.E.CCe.
1
cE.E.cCe.
1
cE.E.cCe.
1
ce.E.cCe.
1
ce.E.cCe.
1
ce.E.cce.
1
ce.E.cce.
1
ce.e.cce.
1
ce.e.cce.
1
.e.e.cceC
1
.e.e.cceC
1
.E.e.cceC
1
.E.e.cceC
1
.E.e.ccec
1
.E.e.ccec
1
.e.e.ccec
1
.e.e.ccec
1
.e.e.Ccec
1
.e.e.Ccec
1
.E.e.Ccec
1
.E.e.Ccec
1
.E.e.ccec
1
.E.e.ccec
1
.E.E.ccec
1
.E.E.ccec
1
.E.E.cceC
1
.E.E.cceC
1
.e.E.cceC
1
.e.E.cceC
1
.eCE.c.eC
3
2
0
0
0
2020
0
2021
1
2
j2021
j2020
1
.........
1
...c.....
1
...c.....
1
.E.c.....
1
.E.c.....
1
CE.c.....
1
CE.c.....
1
CE.c.e...
1
CE.c.e...
1
CE.cCe...
1
CE.cCe...
1
CE.cCe.e.
1
CE.cCe.e.
1
CE.CCe.e.
1
CE.CCe.e.
1
CE.CCe.E.
1
CE.CCe.E.
1
.ECCCe.E.
1
.ECCCe.E.
1
.ECCCe.e.
1
.ECCCe.e.
1
.ECcCe.e.
1
.ECcCe.e.
1
.eCcCe.e.
1
.eCcCe.e.
1
.eCcce.e.
1
.eCcce.e.
1
.eCcce.E.
1
.eCcce.E.
1
.eCcCe.E.
1
.eCcCe.E.
1
.eCcCe.e.
1
.eCcCe.e.
1
.eccCe.e.
1
.eccCe.e.
1
.eccCE.e.
1
.eccCE.e.
1
.ecCCE.e.
1
.ecCCE.e.
1
.ecCCE.E.
1
.ecCCE.E.
1
.ecCcE.E.
1
.ecCcE.E.
1
.ecCce.E.
1
.ecCce.E.
1
.eccce.E.
1
.eccce.E.
1
.ecccE.E.
1
.ecccE.E.
1
.eccCE.E.
1
.eccCE.E.
1
.EccCE.E.
1
.EccCE.E.
1
.E.cCECE.
1
.E.cCECE.
1
.E.cCECe.
1
.E.cCECe.
1
.E.CCECe.
1
.E.CCECe.
1
.e.CCECe.
1
.e.CCECe.
1
.e.cCECe.
1
.e.cCECe.
1
.e.cCECE.
1
.e.cCECE.
1
.e.CCECE.
1
.e.CCECE.
1
.e.CCeCE.
1
.e.CCeCE.
1
.e.CCe.Ec
1
.e.CCe.Ec
1
.E.CCe.Ec
1
.E.CCe.Ec
1
.E.cCe.Ec
1
.E.cCe.Ec
1
.E.cCE.Ec
1
.E.cCE.Ec
1
.E.CCE.Ec
1
.E.CCE.Ec
1
.E.CCE.ec
1
.E.CCE.ec
1
.E.cCE.ec
1
.E.cCE.ec
1
.E.cCe.ec
1
.E.cCe.ec
1
cE.cCe.e.
1
cE.cCe.e.
1
cE.cCe.E.
1
cE.cCe.E.
1
cE.cce.E.
1
cE.cce.E.
1
cE.ccE.E.
1
cE.ccE.E.
1
cE.CcE.E.
1
cE.CcE.E.
1
cE.CcE.e.
1
cE.CcE.e.
1
CE.CcE.e.
1
CE.CcE.e.
1
CE.Cce.e.
1
CE.Cce.e.
1
CE.CCe.e.
1
CE.CCe.e.
1
CE.CCE.e.
1
CE.CCE.e.
1
CE.cCE.e.
1
CE.cCE.e.
1
CE.cCe.e.
1
CE.cCe.e.
1
CE.cce.e.
1
CE.cce.e.
1
CE.ccE.e.
0
0
0
0
2022
0
2023
1
2
j2023
j2022
1
.........
1
......c..
1
......c..
1
....e.c..
1
....e.c..
1
...ce.c..
1
...ce.c..
1
...ceEc..
1
...ceEc..
1
...ceEc.C
1
...ceEc.C
1
.E.ceEc.C
1
.E.ceEc.C
1
.EcceE..C
1
.EcceE..C
1
.Eccee..C
1
.Eccee..C
1
.Eccee..c
1
.Eccee..c
1
.eccee..c
1
.eccee..c
1
.ecCee..c
1
.ecCee..c
1
.ecCEe..c
1
.ecCEe..c
1
.ecCEe..C
1
.ecCEe..C
1
.ecCee..C
1
.ecCee..C
1
.eCCee..C
1
.eCCee..C
1
.eCCEe..C
1
.eCCEe..C
1
ce.CEe..C
1
ce.CEe..C
1
cE.CEe..C
1
cE.CEe..C
1
CE.CEe..C
1
CE.CEe..C
1
C..CEe.EC
1
C..CEe.EC
1
...CEeCEC
1
...CEeCEC
1
...CeeCEC
1
...CeeCEC
1
c..Cee.EC
1
c..Cee.EC
1
c..CeE.EC
1
c..CeE.EC
1
C..CeE.EC
1
C..CeE.EC
1
Ce.CeE..C
1
Ce.CeE..C
1
Ce.CeE..c
1
Ce.CeE..c
1
Ce.CEE..c
1
Ce.CEE..c
1
.e.CEEc.c
1
.e.CEEc.c
1
.e.CeEc.c
1
.e.CeEc.c
1
.e.CeEC.c
1
.e.CeEC.c
1
.E.CeEC.c
1
.E.CeEC.c
1
.E.ceEC.c
1
.E.ceEC.c
1
.e.ceEC.c
1
.e.ceEC.c
1
.e.ceEc.c
1
.e.ceEc.c
1
.e.cEEc.c
1
.e.cEEc.c
1
Ce.cEEc..
3
2
0
0
0
2024
0
2025
1
2
j2025
j2024
1
.........
1
......c..
1
......c..
1
...E..c..
1
...E..c..
1
...E..cc.
1
...E..cc.
1
...EE.cc.
1
...EE.cc.
1
...EEccc.
1
...EEccc.
1
...EEcccE
1
...EEcccE
1
...EEcCcE
1
...EEcCcE
1
...eEcCcE
1
...eEcCcE
1
...eECCcE
1
...eECCcE
1
..eeECCc.
1
..eeECCc.
1
..eeECCC.
1
..eeECCC.
1
..eeeCCC.
1
..eeeCCC.
1
..eeecCC.
1
..eeecCC.
1
..EeecCC.
1
..EeecCC.
1
..EeecCc.
1
..EeecCc.
1
..EEecCc.
1
..EEecCc.
1
..EEecCC.
1
..EEecCC.
1
..EEEcCC.
1
..EEEcCC.
1
..EEEcCc.
1
..EEEcCc.
1
..EeEcCc.
1
..EeEcCc.
1
..EeEc.cC
1
..EeEc.cC
1
..eeEc.cC
1
..eeEc.cC
1
..eeEC.cC
1
..eeEC.cC
1
..eeeC.cC
1
..eeeC.cC
1
..eeec.cC
1
..eeec.cC
1
..eeEc.cC
1
..eeEc.cC
1
..eeEc.CC
1
..eeEc.CC
1
..eeec.CC
1
..eeec.CC
1
..eeec.Cc
1
..eeec.Cc
1
..Eeec.Cc
1
..Eeec.Cc
1
..EeeC.Cc
1
..EeeC.Cc
1
..EEeC.Cc
1
..EEeC.Cc
1
..EEec.Cc
1
..EEec.Cc
1
..eEec.Cc
1
..eEec.Cc
1
..eEeC.Cc
1
..eEeC.Cc
1
...EeCeCc
1
...EeCeCc
1
...EeCeCC
1
...EeCeCC
1
...eeCeCC
1
...eeCeCC
1
...eeceCC
1
...eeceCC
1
..Eeec.CC
1
..Eeec.CC
1
..Eeec.cC
1
..Eeec.cC
1
..EEec.cC
1
..EEec.cC
1
..EEec.cc
1
..EEec.cc
1
..Eeec.cc
1
..Eeec.cc
1
..EeeC.cc
1
..EeeC.cc
1
..EEeC.cc
1
..EEeC.cc
1
..EEeC.Cc
1
..EEeC.Cc
1
..eEeC.Cc
1
..eEeC.Cc
1
..eEeC.CC
1
..eEeC.CC
1
..eEEC.CC
1
..eEEC.CC
1
..eEEC.Cc
1
..eEEC.Cc
1
..eeEC.Cc
1
..eeEC.Cc
1
..eeEC.cc
1
..eeEC.cc
1
..eEEC.cc
1
..eEEC.cc
1
..eEEc.cc
1
..eEEc.cc
1
..eEec.cc
0
0
0
0
2026
0
2027
1
2
j2027
j2026
1
.........
1
...c.....
1
...c.....
1
...ce....
1
...ce....
1
...ce...c
1
...ce...c
1
e..ce...c
1
e..ce...c
1
eC.ce...c
1
eC.ce...c
1
eC.ce.E.c
1
eC.ce.E.c
1
eC.ce.E.C
1
eC.ce.E.C
1
eC.cE.E.C
1
eC.cE.E.C
1
eC.cE.E.c
1
eC.cE.E.c
1
eC.ce.E.c
1
eC.ce.E.c
1
eC.Ce.E.c
1
eC.Ce.E.c
1
eC.Ce.e.c
1
eC.Ce.e.c
1
e..Ce.eCc
1
e..Ce.eCc
1
E..Ce.eCc
1
E..Ce.eCc
1
E..Ce.eCC
1
E..Ce.eCC
1
E..CE.eCC
1
E..CE.eCC
1
E..CE.ecC
1
E..CE.ecC
1
E.ECE..cC
1
E.ECE..cC
1
E.ECE.Cc.
1
E.ECE.Cc.
1
e.ECE.Cc.
1
e.ECE.Cc.
1
e.EcE.Cc.
1
e.EcE.Cc.
1
e.Ece.Cc.
1
e.Ece.Cc.
1
e.Ece.CC.
1
e.Ece.CC.
1
..Ece.CCE
1
..Ece.CCE
1
..ECe.CCE
1
..ECe.CCE
1
..ECe.CCe
1
..ECe.CCe
1
c.ECe..Ce
1
c.ECe..Ce
1
c.ECe..CE
1
c.ECe..CE
1
C.ECe..CE
1
C.ECe..CE
1
C.ECe.EC.
1
0
0
0
0
2028
0
2029
1
2
j2029
j2028
1
.........
1
c........
1
c........
1
c..E.....
1
c..E.....
1
c.CE.....
1
c.CE.....
1
c.CE....e
1
c.CE....e
1
c.CE.c..e
1
c.CE.c..e
1
ceCE.c..e
1
ceCE.c..e
1
CeCE.c..e
1
CeCE.c..e
1
CeCe.c..e
1
CeCe.c..e
1
Cece.c..e
1
Cece.c..e
1
CecE.c..e
1
CecE.c..e
1
CeCE.c..e
1
CeCE.c..e
1
CECE.c..e
1
CECE.c..e
1
CEcE.c..e
1
CEcE.c..e
1
C.cE.c.ee
1
C.cE.c.ee
1
c.cE.c.ee
1
c.cE.c.ee
1
c.cE.c.Ee
1
c.cE.c.Ee
1
c.cE.C.Ee
1
c.cE.C.Ee
1
c.ce.C.Ee
1
c.ce.C.Ee
1
c..e.CcEe
1
c..e.CcEe
1
c..e.CcEE
1
c..e.CcEE
1
C..e.CcEE
1
C..e.CcEE
1
C..E.CcEE
1
C..E.CcEE
1
C..E.CCEE
1
C..E.CCEE
1
C..E.CCeE
1
C..E.CCeE
1
c..E.CCeE
1
c..E.CCeE
1
c.EE.CCe.
1
c.EE.CCe.
1
c.EE.cCe.
1
c.EE.cCe.
1
c.Ee.cCe.
1
c.Ee.cCe.
1
C.Ee.cCe.
1
C.Ee.cCe.
1
C.Ee.cCE.
1
C.Ee.cCE.
1
C.Ee.CCE.
1
C.Ee.CCE.
1
C.EE.CCE.
1
C.EE.CCE.
1
c.EE.CCE.
1
c.EE.CCE.
1
c.EE.CCe.
1
c.EE.CCe.
1
C.EE.CCe.
1
C.EE.CCe.
1
C..E.CCeE
1
C..E.CCeE
1
c..E.CCeE
1
c..E.CCeE
1
c..E.CCEE
1
c..E.CCEE
1
c..E.CcEE
1
c..E.CcEE
1
c..e.CcEE
1
c..e.CcEE
1
c..e.ccEE
1
c..e.ccEE
1
ce.e.cc.E
1
ce.e.cc.E
1
cece.c..E
1
cece.c..E
1
cecE.c..E
1
cecE.c..E
1
cecE.C..E
1
cecE.C..E
1
cece.C..E
1
cece.C..E
1
cece.c..E
1
cece.c..E
1
cecE.c..E
1
cecE.c..E
1
CecE.c..E
1
CecE.c..E
1
CEcE.c..E
1
CEcE.c..E
1
.EcE.cC.E
1
.EcE.cC.E
1
.Ece.cC.E
1
.Ece.cC.E
1
.Ece.CC.E
1
.Ece.CC.E
1
.Ece.CC.e
1
.Ece.CC.e
1
.Ece.cC.e
1
.Ece.cC.e
1
.Ece.cC.E
0
0
0
0
2030
0
2031
1
2
j2031
j2030
1
.........
1
..c......
1
..c......
1
E.c......
1
E.c......
1
E.c..C...
1
E.c..C...
1
E.c..CE..
1
E.c..CE..
1
E.c.CCE..
1
E.c.CCE..
1
E.c.CCEE.
1
E.c.CCEE.
1
E.c.cCEE.
1
E.c.cCEE.
1
e.c.cCEE.
1
e.c.cCEE.
1
e.ccc.EE.
1
e.ccc.EE.
1
e.ccc.eE.
1
e.ccc.eE.
1
e.ccC.eE.
1
e.ccC.eE.
1
..ccC.eEe
3
2
0
0
0
2032
0
2033
1
2
j2033
j2032
1
.........
1
.......C.
1
.......C.
1
.E.....C.
1
.E.....C.
1
.E.C...C.
1
.E.C...C.
1
.EEC...C.
1
.EEC...C.
1
.EEC..cC.
1
.EEC..cC.
1
.EEC.EcC.
1
.EEC.EcC.
1
.EEC.ECC.
1
.EEC.ECC.
1
.EeC.ECC.
1
.EeC.ECC.
1
.Eec.ECC.
1
.Eec.ECC.
1
.Eec.eCC.
1
.Eec.eCC.
1
.EeC.eCC.
1
.EeC.eCC.
1
.eeC.eCC.
1
.eeC.eCC.
1
.eeC.eCc.
1
.eeC.eCc.
1
.eEC.eCc.
1
.eEC.eCc.
1
.eEC.eCC.
1
.eEC.eCC.
1
.EEC.eCC.
1
.EEC.eCC.
1
.EEC.e.CC
1
.EEC.e.CC
1
.EEC.E.CC
1
.EEC.E.CC
1
.EEc.E.CC
1
.EEc.E.CC
1
.eEc.E.CC
1
.eEc.E.CC
1
.eEc.E.cC
1
.eEc.E.cC
1
ee.c.E.cC
1
ee.c.E.cC
1
ee.C.E.cC
1
ee.C.E.cC
1
eE.C.E.cC
1
eE.C.E.cC
1
eE.c.E.cC
1
eE.c.E.cC
1
ee.c.E.cC
1
ee.c.E.cC
1
ee.c.E.CC
1
ee.c.E.CC
1
eE.c.E.CC
1
eE.c.E.CC
1
eE.c.E.cC
1
eE.c.E.cC
1
EE.c.E.cC
1
EE.c.E.cC
1
EE.C.E.cC
1
EE.C.E.cC
1
EE.C.e.cC
1
EE.C.e.cC
1
EECC.e.c.
1
EECC.e.c.
1
EECC.E.c.
1
EECC.E.c.
1
EECc.E.c.
1
EECc.E.c.
1
EECc.e.c.
1
EECc.e.c.
1
EEcc.e.c.
1
EEcc.e.c.
1
.Ecc.eec.
1
.Ecc.eec.
1
.ECc.eec.
1
.ECc.eec.
1
.ECc.Eec.
1
.ECc.Eec.
1
.ECc.EeC.
1
.ECc.EeC.
1
.ECc.EEC.
1
.ECc.EEC.
1
.ECc.EEc.
1
.ECc.EEc.
1
.ECc.eEc.
1
.ECc.eEc.
1
.ECc.eEC.
1
.ECc.eEC.
1
.eCc.eEC.
1
.eCc.eEC.
1
.ecc.eEC.
1
.ecc.eEC.
1
.ecc.EEC.
1
.ecc.EEC.
1
.ecc.EEc.
1
.ecc.EEc.
1
.ecc.E.ce
1
.ecc.E.ce
1
.ecc.E.Ce
1
.ecc.E.Ce
1
.ecc.E.CE
1
.ecc.E.CE
1
.ecC.E.CE
1
.ecC.E.CE
1
.EcC.E.CE
1
.EcC.E.CE
1
.EcC.E.cE
1
.EcC.E.cE
1
.ecC.E.cE
0
0
0
0
2034
0
2035
1
2
j2035
j2034
1
.........
1
....c....
1
....c....
1
..e.c....
1
..e.c....
1
..e.c..C.
1
..e.c..C.
1
..e.c..CE
1
..e.c..CE
1
..e.c.CCE
1
..e.c.CCE
1
..eec.CCE
1
..eec.CCE
1
..eeC.CCE
1
..eeC.CCE
1
..eeC.CCe
1
..eeC.CCe
1
..eec.CCe
1
..eec.CCe
1
..Eec.CCe
1
..Eec.CCe
1
.cEec.C.e
1
.cEec.C.e
1
.cEec.C.E
1
.cEec.C.E
1
.cEec.c.E
1
.cEec.c.E
1
Ec.ec.c.E
1
Ec.ec.c.E
1
EcCec...E
1
EcCec...E
1
EcCEc...E
1
EcCEc...E
1
ECCEc...E
1
ECCEc...E
1
ECCec...E
1
ECCec...E
1
EcCec...E
1
EcCec...E
1
EcCEc...E
1
EcCEc...E
1
ECCEc...E
1
ECCEc...E
1
ECCEc.E..
3
2
0
0
0
2036
0
2037
1
2
j2037
j2036
1
.........
1
.c.......
1
.c.......
1
.c......e
1
.c......e
1
.c.....ce
1
.c.....ce
1
.c..e..ce
1
.c..e..ce
1
.c..e.Cce
1
.c..e.Cce
1
.c.Ee.Cce
1
.c.Ee.Cce
1
.C.Ee.Cce
1
.C.Ee.Cce
1
.C..eECce
1
.C..eECce
1
CC..eE.ce
1
CC..eE.ce
1
CC..eE.cE
1
CC..eE.cE
1
Cc..eE.cE
1
Cc..eE.cE
1
Cc..ee.cE
1
Cc..ee.cE
1
.cc.ee.cE
1
.cc.ee.cE
1
.cc.eeec.
1
.cc.eeec.
1
.cc.eeeC.
1
.cc.eeeC.
1
.cc.eeEC.
1
.cc.eeEC.
1
.Cc.eeEC.
1
.Cc.eeEC.
1
.Cc.EeEC.
1
.Cc.EeEC.
1
.cc.EeEC.
1
.cc.EeEC.
1
.cc.EEEC.
1
.cc.EEEC.
1
.cc.EEEc.
1
.cc.EEEc.
1
.cceE.Ec.
1
.cceE.Ec.
1
.cceE.EC.
1
.cceE.EC.
1
.ccee.EC.
1
.ccee.EC.
1
.Ccee.EC.
1
.Ccee.EC.
1
.Ccee.eC.
1
.Ccee.eC.
1
.Ccee.ec.
1
.Ccee.ec.
1
.Ccee.Ec.
1
.Ccee.Ec.
1
.ccee.Ec.
1
.ccee.Ec.
1
.cceE.Ec.
1
.cceE.Ec.
1
.cCeE.Ec.
1
.cCeE.Ec.
1
ecCeE..c.
1
ecCeE..c.
1
ecCeE..C.
1
ecCeE..C.
1
ecCee..C.
1
ecCee..C.
1
ec.ee..CC
1
ec.ee..CC
1
ec.Ee..CC
1
ec.Ee..CC
1
eccEe..C.
1
eccEe..C.
1
.ccEe..CE
1
.ccEe..CE
1
.CcEe..CE
1
.CcEe..CE
1
.CcEE..CE
1
.CcEE..CE
1
.CCEE..CE
1
.CCEE..CE
1
.CCEe..CE
1
.CCEe..CE
1
.CCEe..cE
1
.CCEe..cE
1
.CCee..cE
1
.CCee..cE
1
.cCee..cE
1
.cCee..cE
1
.cCeE..cE
1
.cCeE..cE
1
.cceE..cE
1
.cceE..cE
1
.ccEE..cE
1
.ccEE..cE
1
.ccEE..CE
1
.ccEE..CE
1
.ccEE.eC.
1
.ccEE.eC.
1
.CcEE.eC.
1
.CcEE.eC.
1
.CceE.eC.
1
.CceE.eC.
1
.CCeE.eC.
1
.CCeE.eC.
1
.CCee.eC.
1
.CCee.eC.
1
.CCee.ec.
1
.CCee.ec.
1
.CCEe.ec.
0
0
0
0
2038
0
2039
1
2
j2039
j2038
1
.........
1
....c....
1
....c....
1
....c.E..
1
....c.E..
1
.C..c.E..
1
.C..c.E..
1
.C..c.E.e
1
.C..c.E.e
1
.C..ccE.e
1
.C..ccE.e
1
.C.eccE.e
1
.C.eccE.e
1
.c.eccE.e
1
.c.eccE.e
1
.c.eccE.E
1
.c.eccE.E
1
.c.ecCE.E
1
.c.ecCE.E
1
.c.EcCE.E
1
.c.EcCE.E
1
.c.ECCE.E
1
.c.ECCE.E
1
.c.eCCE.E
1
.c.eCCE.E
1
.C.eCCE.E
1
.C.eCCE.E
1
.C.ECCE.E
1
.C.ECCE.E
1
.C.EcCE.E
1
.C.EcCE.E
1
.C.EcCe.E
1
.C.EcCe.E
1
.C.Ecce.E
1
.C.Ecce.E
1
.C.ecce.E
1
.C.ecce.E
1
...ecceCE
1
...ecceCE
1
...EcceCE
1
...EcceCE
1
...ECceCE
1
...ECceCE
1
...eCceCE
1
...eCceCE
1
...ecceCE
1
...ecceCE
1
..eecc.CE
1
..eecc.CE
1
..eecc.cE
1
..eecc.cE
1
..eEcc.cE
1
..eEcc.cE
1
..eEcc.CE
1
..eEcc.CE
1
..eecc.CE
1
..eecc.CE
1
..eecC.CE
1
..eecC.CE
1
..eEcC.CE
1
..eEcC.CE
1
..eEcc.CE
1
..eEcc.CE
1
..eecc.CE
1
..eecc.CE
1
..eeCc.CE
1
..eeCc.CE
1
..eeCcEC.
1
..eeCcEC.
1
..eeCCEC.
1
..eeCCEC.
1
..eECCEC.
1
..eECCEC.
1
.ceECCE..
1
.ceECCE..
1
.cEECCE..
1
.cEECCE..
1
.CEECCE..
1
.CEECCE..
1
.CEeCCE..
1
.CEeCCE..
1
.CEecCE..
1
.CEecCE..
1
.CEEcCE..
1
.CEEcCE..
1
.CEECCE..
1
.CEECCE..
1
.CeECCE..
1
.CeECCE..
1
.CeEcCE..
1
.CeEcCE..
1
.CeecCE..
1
.CeecCE..
1
..eecCEc.
1
..eecCEc.
1
..eEcCEc.
1
..eEcCEc.
1
..eEccEc.
1
..eEccEc.
1
..EEccEc.
1
..EEccEc.
1
..EECcEc.
1
..EECcEc.
1
..EeCcEc.
1
..EeCcEc.
1
..EeccEc.
1
..EeccEc.
1
..EEccEc.
1
..EEccEc.
1
..EEccEC.
1
..EEccEC.
1
..eEccEC.
0
0
0
0
2040
0
2041
1
2
j2041
j2040
1
.........
1
..c......
1
..c......
1
E.c......
1
E.c......
1
E.c....c.
1
E.c....c.
1
E.c....ce
1
E.c....ce
1
E.c...cce
1
E.c...cce
1
E.cE..cce
1
E.cE..cce
1
E.cE..cCe
1
E.cE..cCe
1
e.cE..cCe
1
e.cE..cCe
1
e.cE..CCe
1
e.cE..CCe
1
E.cE..CCe
1
E.cE..CCe
1
E.cE..cCe
1
E.cE..cCe
1
E.cE..cCE
1
E.cE..cCE
1
E.CE..cCE
1
E.CE..cCE
1
E.CE..cCe
1
E.CE..cCe
1
E.CE..CCe
1
E.CE..CCe
1
E.CE..CCE
1
E.CE..CCE
1
E.CE..cCE
1
E.CE..cCE
1
e.CE..cCE
1
e.CE..cCE
1
e.CE..CCE
1
e.CE..CCE
1
e.C..eCCE
1
e.C..eCCE
1
ecC..eC.E
1
ecC..eC.E
1
ecC..eC.e
1
ecC..eC.e
1
ecc..eC.e
1
ecc..eC.e
1
ecc..EC.e
1
ecc..EC.e
1
eCc..EC.e
1
eCc..EC.e
1
eCce..C.e
1
eCce..C.e
1
e.ce..Cce
1
e.ce..Cce
1
e.ce..CcE
1
e.ce..CcE
1
e.Ce..CcE
1
e.Ce..CcE
1
e.CE..CcE
1
e.CE..CcE
1
e.CE..CCE
1
e.CE..CCE
1
E.CE..CCE
1
E.CE..CCE
1
E.cE..CCE
1
E.cE..CCE
1
E.ce..CCE
1
E.ce..CCE
1
E.ce..cCE
1
E.ce..cCE
1
e.ce..cCE
1
e.ce..cCE
1
e.Ce..cCE
1
e.Ce..cCE
1
E.Ce..cCE
1
E.Ce..cCE
1
E.Ce..CCE
1
E.Ce..CCE
1
E.Ce..CCe
1
E.Ce..CCe
1
E.Ce..Cce
1
E.Ce..Cce
1
E.Ce..CcE
1
E.Ce..CcE
1
E.Ce..CCE
1
E.Ce..CCE
1
e.Ce..CCE
1
e.Ce..CCE
1
e.Ce..cCE
1
e.Ce..cCE
1
e.CE..cCE
1
e.CE..cCE
1
e.CE..CCE
1
e.CE..CCE
1
E.CE..CCE
1
E.CE..CCE
1
ECCE..C.E
1
ECCE..C.E
1
eCCE..C.E
1
eCCE..C.E
1
eCCE..c.E
1
eCCE..c.E
1
ECCE..c.E
1
ECCE..c.E
1
ECcE..c.E
1
ECcE..c.E
1
ECc..Ec.E
1
ECc..Ec.E
1
ECC..Ec.E
1
ECC..Ec.E
1
eCC..Ec.E
0
0
0
0
2042
0
2043
1
2
j2043
j2042
1
.........
1
..C......
1
..C......
1
..C....e.
1
..C....e.
1
..C....ec
1
..C....ec
1
.EC....ec
1
.EC....ec
1
cEC....ec
1
cEC....ec
1
cEC...Eec
1
cEC...Eec
1
CEC...Eec
1
CEC...Eec
1
CeC...Eec
1
CeC...Eec
1
Cec...Eec
1
Cec...Eec
1
CEc...Eec
1
CEc...Eec
1
CEc...EeC
1
CEc...EeC
1
CEc...eeC
1
CEc...eeC
1
cEc...eeC
1
cEc...eeC
1
cEc...eEC
1
cEc...eEC
1
cEc...eEc
1
cEc...eEc
1
cec...eEc
1
cec...eEc
1
cec...eEC
1
cec...eEC
1
cec...EEC
1
cec...EEC
1
ceC...EEC
1
ceC...EEC
1
cEC...EEC
1
cEC...EEC
1
cEc...EEC
1
cEc...EEC
1
cec...EEC
1
cec...EEC
1
ceC...EEC
1
ceC...EEC
1
ceC...EeC
1
ceC...EeC
1
ceC...Eec
1
ceC...Eec
1
cEC...Eec
1
cEC...Eec
1
CEC...Eec
1
CEC...Eec
1
CEC...EEc
1
CEC...EEc
1
CEc...EEc
1
CEc...EEc
1
Cec...EEc
1
Cec...EEc
1
CeC...EEc
1
CeC...EEc
1
CeC...eEc
1
CeC...eEc
1
ceC...eEc
1
ceC...eEc
1
ceC...eec
1
ceC...eec
1
CeC...eec
1
CeC...eec
1
CeC...Eec
1
CeC...Eec
1
ceC...Eec
1
ceC...Eec
1
cEC...Eec
1
cEC...Eec
1
cEc...Eec
1
cEc...Eec
1
cEc...eec
1
cEc...eec
1
CEc...eec
1
CEc...eec
1
CEc...Eec
1
CEc...Eec
1
CEC...Eec
1
CEC...Eec
1
CEC...EEc
1
CEC...EEc
1
cEC...EEc
1
cEC...EEc
1
cEC...Eec
1
cEC...Eec
1
cEC...EeC
1
cEC...EeC
1
cEC...EEC
1
cEC...EEC
1
CEC...EEC
1
CEC...EEC
1
CeC...EEC
1
CeC...EEC
1
ceC...EEC
1
ceC...EEC
1
cEC...EEC
1
cEC...EEC
1
cEc...EEC
1
cEc...EEC
1
cEc...EeC
1
cEc...EeC
1
cEC...EeC
1
cEC...EeC
1
cEC...eeC
0
0
0
0
2044
0
2045
1
2
j2045
j2044
1
.........
1
....C....
1
....C....
1
....C...e
1
....C...e
1
.c..C...e
1
.c..C...e
1
.ce.C...e
1
.ce.C...e
1
Cce.C...e
1
Cce.C...e
1
Cce.Ce..e
3
2
0
0
0
2046
0
2047
1
2
j2047
j2046
1
.........
1
..c......
1
..c......
1
..ce.....
1
..ce.....
1
C.ce.....
1
C.ce.....
1
C.ce...E.
1
C.ce...E.
1
C.ceC..E.
1
C.ceC..E.
1
C.ceC.eE.
1
C.ceC.eE.
1
c.ceC.eE.
1
c.ceC.eE.
1
c.ceC.EE.
1
c.ceC.EE.
1
c.cec.EE.
1
c.cec.EE.
1
cecec.E..
1
cecec.E..
1
ceCec.E..
1
ceCec.E..
1
cECec.E..
1
cECec.E..
1
CECec.E..
1
CECec.E..
1
CECec...E
1
CECec...E
1
CEcec...E
1
CEcec...E
1
CEcEc...E
1
CEcEc...E
1
CECEc...E
1
CECEc...E
1
CEC.cE..E
1
CEC.cE..E
1
.EC.cEc.E
1
0
0
0
0
2048
0
2049
1
2
j2049
j2048
1
.........
1
.....c...
1
.....c...
1
...E.c...
1
...E.c...
1
...E.c..C
1
...E.c..C
1
.E.E.c..C
1
.E.E.c..C
1
cE.E.c..C
1
cE.E.c..C
1
cE.E.cE.C
1
cE.E.cE.C
1
CE.E.cE.C
1
CE.E.cE.C
1
C..E.cEeC
1
C..E.cEeC
1
C..E.cEec
1
C..E.cEec
1
C..E.ceec
1
C..E.ceec
1
C..E.ceeC
1
C..E.ceeC
1
C..E.ceEC
1
C..E.ceEC
1
C..E.CeEC
1
C..E.CeEC
1
C.EE.C.EC
1
C.EE.C.EC
1
..EE.CcEC
1
..EE.CcEC
1
..eE.CcEC
1
..eE.CcEC
1
..eE.ccEC
1
..eE.ccEC
1
..EE.ccEC
1
..EE.ccEC
1
..EE.cCEC
1
..EE.cCEC
1
..EE.cCeC
1
..EE.cCeC
1
..EE.CCeC
1
..EE.CCeC
1
..Ee.CCeC
1
..Ee.CCeC
1
..Ee.CceC
1
..Ee.CceC
1
..Ee.CcEC
1
..Ee.CcEC
1
..Ee.CCEC
1
..Ee.CCEC
1
..ee.CCEC
1
..ee.CCEC
1
..ee.CcEC
1
..ee.CcEC
1
..Ee.CcEC
1
..Ee.CcEC
1
..Ee.ccEC
1
..Ee.ccEC
1
..EE.ccEC
1
..EE.ccEC
1
..EE.ccEc
1
..EE.ccEc
1
..EE.ccec
1
..EE.ccec
1
c.EE.cce.
1
c.EE.cce.
1
c..E.cceE
1
c..E.cceE
1
c..E.CceE
1
c..E.CceE
1
c..e.CceE
1
c..e.CceE
1
c..e.cceE
1
c..e.cceE
1
c..E.cceE
1
c..E.cceE
1
C..E.cceE
1
C..E.cceE
1
C..e.cceE
1
C..e.cceE
1
C..e.CceE
1
C..e.CceE
1
C..e.CcEE
1
C..e.CcEE
1
..Ce.CcEE
1
..Ce.CcEE
1
..Ce.CcEe
1
..Ce.CcEe
1
..Ce.ccEe
1
..Ce.ccEe
1
e.Ce.ccE.
1
e.Ce.ccE.
1
e.Ce.CcE.
1
e.Ce.CcE.
1
E.Ce.CcE.
1
E.Ce.CcE.
1
E.Ce.CCE.
1
E.Ce.CCE.
1
EeCe.CC..
1
EeCe.CC..
1
EeCe.cC..
1
EeCe.cC..
1
EECe.cC..
1
EECe.cC..
1
EE.e.cC.C
1
EE.e.cC.C
1
EE.E.cC.C
1
EE.E.cC.C
1
EECE.cC..
1
EECE.cC..
1
EeCE.cC..
0
0
0
0
2050
0
2051
1
2
j2051
j2050
1
.........
1
...C.....
1
...C.....
1
...C...e.
1
...C...e.
1
...C.c.e.
1
...C.c.e.
1
...CEc.e.
1
...CEc.e.
1
...CEc.eC
1
...CEc.eC
1
.E.CEc.eC
3
2
0
0
0
2052
0
2053
1
2
j2053
j2052
1
.........
1
.c.......
1
.c.......
1
.c.e.....
1
.c.e.....
1
.c.e...C.
1
.c.e...C.
1
.c.e...CE
1
.c.e...CE
1
.cce...CE
1
.cce...CE
1
.cceE..CE
1
.cceE..CE
1
.CceE..CE
1
.CceE..CE
1
.Ccee..CE
1
.Ccee..CE
1
.Ccee..cE
1
.Ccee..cE
1
.CceE..cE
1
.CceE..cE
1
.CceE..CE
1
.CceE..CE
1
.Ccee..CE
1
.Ccee..CE
1
.ccee..CE
1
.ccee..CE
1
.ccee..Ce
1
.ccee..Ce
1
.ccee..ce
1
.ccee..ce
1
.ccee..cE
1
.ccee..cE
1
.c.ee.CcE
1
.c.ee.CcE
1
.c.ee.Cce
1
.c.ee.Cce
1
.C.ee.Cce
1
.C.ee.Cce
1
.C.eE.Cce
1
.C.eE.Cce
1
.C.eE.CCe
1
.C.eE.CCe
1
.C.ee.CCe
1
.C.ee.CCe
1
.C.ee.Cce
1
.C.ee.Cce
1
eC.ee.Cc.
1
eC.ee.Cc.
1
eC.ee.CC.
1
eC.ee.CC.
1
EC.ee.CC.
1
EC.ee.CC.
1
EC.ee.Cc.
1
EC.ee.Cc.
1
EC.Ee.Cc.
1
EC.Ee.Cc.
1
Ec.Ee.Cc.
1
Ec.Ee.Cc.
1
Ec.EE.Cc.
1
Ec.EE.Cc.
1
EC.EE.Cc.
1
EC.EE.Cc.
1
EC.eE.Cc.
1
EC.eE.Cc.
1
Ec.eE.Cc.
1
Ec.eE.Cc.
1
Ec.ee.Cc.
1
Ec.ee.Cc.
1
EC.ee.Cc.
1
EC.ee.Cc.
1
EC.eE.Cc.
1
EC.eE.Cc.
1
Ec.eE.Cc.
1
Ec.eE.Cc.
1
Ec.EE.Cc.
1
Ec.EE.Cc.
1
Ec.EE.CC.
1
Ec.EE.CC.
1
ec.EE.CC.
1
ec.EE.CC.
1
ec.EE.Cc.
1
ec.EE.Cc.
1
ec.eE.Cc.
1
ec.eE.Cc.
1
eC.eE.Cc.
1
eC.eE.Cc.
1
EC.eE.Cc.
1
EC.eE.Cc.
1
EC.eE.cc.
1
EC.eE.cc.
1
EC.EE.cc.
1
EC.EE.cc.
1
Ec.EE.cc.
1
Ec.EE.cc.
1
.cEEE.cc.
1
.cEEE.cc.
1
.CEEE.cc.
1
.CEEE.cc.
1
.CEeE.cc.
1
.CEeE.cc.
1
.CEeE.Cc.
1
.CEeE.Cc.
1
EC.eE.Cc.
1
EC.eE.Cc.
1
Ec.eE.Cc.
1
Ec.eE.Cc.
1
Ec.ee.Cc.
1
Ec.ee.Cc.
1
Ec.ee.cc.
1
Ec.ee.cc.
1
ec.ee.cc.
0
0
0
0
2054
0
2055
1
2
j2055
j2054
1
.........
1
......c..
1
......c..
1
......c.E
1
......c.E
1
....c.c.E
1
....c.c.E
1
..E.c.c.E
1
..E.c.c.E
1
.CE.c.c.E
1
.CE.c.c.E
1
eCE.c.c.E
1
eCE.c.c.E
1
eCE.c.C.E
1
eCE.c.C.E
1
eCE.c.C.e
1
eCE.c.C.e
1
eCE.c.c.e
1
eCE.c.c.e
1
eCE.c.c.E
1
eCE.c.c.E
1
e.E.c.ccE
1
e.E.c.ccE
1
e.e.c.ccE
1
e.e.c.ccE
1
e.e.C.ccE
1
e.e.C.ccE
1
e.E.C.ccE
1
e.E.C.ccE
1
e.E.c.ccE
1
e.E.c.ccE
1
E.E.c.ccE
1
E.E.c.ccE
1
E.E.c.cCE
1
E.E.c.cCE
1
E.e.c.cCE
1
E.e.c.cCE
1
E.e.c.CCE
1
E.e.c.CCE
1
E.e.c.CCe
1
E.e.c.CCe
1
E.e.c.cCe
1
E.e.c.cCe
1
E.e.c.cCE
1
E.e.c.cCE
1
E.e.C.cCE
1
E.e.C.cCE
1
e.e.C.cCE
1
e.e.C.cCE
1
e.e.C.ccE
1
e.e.C.ccE
1
e.e.C.cce
1
e.e.C.cce
1
e.e.C.cCe
1
e.e.C.cCe
1
E.e.C.cCe
1
E.e.C.cCe
1
Ece.C.c.e
1
Ece.C.c.e
1
EcE.C.c.e
1
EcE.C.c.e
1
ECE.C.c.e
1
ECE.C.c.e
1
ECe.C.c.e
1
ECe.C.c.e
1
ECe.c.c.e
1
ECe.c.c.e
1
eCe.c.c.e
1
eCe.c.c.e
1
eCe.C.c.e
1
eCe.C.c.e
1
ECe.C.c.e
1
ECe.C.c.e
1
Ece.C.c.e
1
Ece.C.c.e
1
EcE.C.c.e
1
EcE.C.c.e
1
EcE.c.c.e
1
EcE.c.c.e
1
EcE.c.c.E
1
EcE.c.c.E
1
ECE.c.c.E
1
ECE.c.c.E
1
ECE.c.c.e
1
ECE.c.c.e
1
ECE.c.C.e
1
ECE.c.C.e
1
eCE.c.C.e
1
eCE.c.C.e
1
eCE.C.C.e
1
eCE.C.C.e
1
eCe.C.C.e
1
eCe.C.C.e
1
eCe.C.c.e
1
eCe.C.c.e
1
ECe.C.c.e
1
ECe.C.c.e
1
E.e.C.cCe
1
E.e.C.cCe
1
e.e.C.cCe
1
e.e.C.cCe
1
e.e.C.CCe
1
e.e.C.CCe
1
e.e.C.CCE
1
e.e.C.CCE
1
e.e.C.cCE
1
e.e.C.cCE
1
e.E.C.cCE
1
e.E.C.cCE
1
e.E.c.cCE
1
e.E.c.cCE
1
E.E.c.cCE
0
0
0
0
2056
0
2057
1
2
j2057
j2056
1
.........
1
.C.......
1
.C.......
1
EC.......
1
EC.......
1
EC...C...
1
EC...C...
1
EC.e.C...
1
EC.e.C...
1
EC.e.C..c
1
EC.e.C..c
1
ECEe.C..c
1
ECEe.C..c
1
E.Ee.C.Cc
1
E.Ee.C.Cc
1
E.EE.C.Cc
1
E.EE.C.Cc
1
E.EE.C.CC
1
E.EE.C.CC
1
E.Ee.C.CC
1
E.Ee.C.CC
1
E.Ee.c.CC
1
E.Ee.c.CC
1
e.Ee.c.CC
1
e.Ee.c.CC
1
e.Ee.c.Cc
1
e.Ee.c.Cc
1
e.EE.c.Cc
1
e.EE.c.Cc
1
e.EE.C.Cc
1
e.EE.C.Cc
1
E.EE.C.Cc
1
E.EE.C.Cc
1
ECEE.C..c
1
ECEE.C..c
1
ECeE.C..c
1
ECeE.C..c
1
EceE.C..c
1
EceE.C..c
1
.ceE.Ce.c
1
.ceE.Ce.c
1
.ceE.Ce.C
1
.ceE.Ce.C
1
.cEE.Ce.C
1
.cEE.Ce.C
1
.cEE.ce.C
1
.cEE.ce.C
1
Ec.E.ce.C
3
2
0
0
0
2058
0
2059
1
2
j2059
j2058
1
.........
1
...c.....
1
...c.....
1
..Ec.....
1
..Ec.....
1
..Ec...C.
1
..Ec...C.
1
..Ece..C.
1
..Ece..C.
1
c.Ece..C.
1
c.Ece..C.
1
ceEce..C.
1
ceEce..C.
1
ceEce..c.
1
ceEce..c.
1
ceece..c.
1
ceece..c.
1
.eece..cC
1
.eece..cC
1
.eEce..cC
1
.eEce..cC
1
.eECe..cC
1
.eECe..cC
1
.eECE..cC
1
.eECE..cC
1
.eECE.cc.
1
.eECE.cc.
1
.EECE.cc.
1
.EECE.cc.
1
.EECE.Cc.
1
.EECE.Cc.
1
.EECe.Cc.
1
.EECe.Cc.
1
.EECe.CC.
1
.EECe.CC.
1
.EECE.CC.
1
.EECE.CC.
1
.EECE.cC.
1
.EECE.cC.
1
.E.CE.cCe
1
.E.CE.cCe
1
.E.CE.cce
1
.E.CE.cce
1
eE.CE.cc.
1
eE.CE.cc.
1
eE.cE.cc.
1
eE.cE.cc.
1
.E.cE.ccE
1
.E.cE.ccE
1
.E.CE.ccE
1
.E.CE.ccE
1
.E.CE.cce
1
.E.CE.cce
1
.ECCE..ce
1
.ECCE..ce
1
.ECCe..ce
1
.ECCe..ce
1
.ECCe..Ce
1
.ECCe..Ce
1
.ECCE..Ce
1
.ECCE..Ce
1
.EcCE..Ce
1
.EcCE..Ce
1
.ecCE..Ce
1
.ecCE..Ce
1
.eccE..Ce
1
.eccE..Ce
1
.ecce..Ce
1
.ecce..Ce
1
.ecCe..Ce
1
.ecCe..Ce
1
eecCe..C.
1
eecCe..C.
1
eecce..C.
1
eecce..C.
1
eEcce..C.
1
eEcce..C.
1
eECce..C.
1
eECce..C.
1
EECce..C.
1
EECce..C.
1
EEcce..C.
1
EEcce..C.
1
EEccE..C.
1
EEccE..C.
1
EEccE..c.
1
EEccE..c.
1
eEccE..c.
1
eEccE..c.
1
eE.cE.cc.
1
eE.cE.cc.
1
ee.cE.cc.
1
ee.cE.cc.
1
ee.CE.cc.
1
ee.CE.cc.
1
.e.CE.ccE
1
.e.CE.ccE
1
.e.CE.cCE
1
.e.CE.cCE
1
.E.CE.cCE
1
.E.CE.cCE
1
.E.CE.ccE
1
.E.CE.ccE
1
.e.CE.ccE
1
.e.CE.ccE
1
.e.cE.ccE
1
.e.cE.ccE
1
.e.cE.cce
1
.e.cE.cce
1
.e.CE.cce
1
.e.CE.cce
1
.E.CE.cce
0
0
0
0
2060
0
2061
1
2
j2061
j2060
1
.........
1
.......c.
1
.......c.
1
.....E.c.
1
.....E.c.
1
.....ECc.
1
.....ECc.
1
E....ECc.
1
E....ECc.
1
E....ECcc
3
2
0
0
0
2062
0
2063
1
2
j2063
j2062
1
.........
1
c........
1
c........
1
c.......e
1
c.......e
1
c.....C.e
1
c.....C.e
1
cE....C.e
1
cE....C.e
1
cE..C.C.e
1
cE..C.C.e
1
cE..CEC.e
1
cE..CEC.e
1
cE..CEc.e
1
cE..CEc.e
1
cE..Cec.e
1
cE..Cec.e
1
CE..Cec.e
1
CE..Cec.e
1
C...CecEe
1
C...CecEe
1
C...cecEe
1
C...cecEe
1
C...cecEE
1
C...cecEE
1
C...ceCEE
1
C...ceCEE
1
Ce..ceC.E
1
Ce..ceC.E
1
Ce..CeC.E
1
Ce..CeC.E
1
CE..CeC.E
1
CE..CeC.E
1
CE..ceC.E
1
CE..ceC.E
1
CEe.ceC..
1
CEe.ceC..
1
cEe.ceC..
1
cEe.ceC..
1
cEe.cEC..
1
cEe.cEC..
1
CEe.cEC..
1
CEe.cEC..
1
Cee.cEC..
1
Cee.cEC..
1
Cee.CEC..
1
Cee.CEC..
1
Cee.CeC..
1
Cee.CeC..
1
cee.CeC..
1
cee.CeC..
1
ceE.CeC..
1
ceE.CeC..
1
CeE.CeC..
1
CeE.CeC..
1
CEE.CeC..
1
CEE.CeC..
1
CEE.Cec..
1
CEE.Cec..
1
CEE.CEc..
1
CEE.CEc..
1
cEE.CEc..
1
cEE.CEc..
1
cEe.CEc..
1
cEe.CEc..
1
cEe.CEC..
1
cEe.CEC..
1
cEE.CEC..
1
cEE.CEC..
1
CEE.CEC..
1
CEE.CEC..
1
C.E.CECe.
1
C.E.CECe.
1
C.E.cECe.
1
C.E.cECe.
1
C.e.cECe.
1
C.e.cECe.
1
c.e.cECe.
1
c.e.cECe.
1
c.e.ceCe.
1
c.e.ceCe.
1
c.e.CeCe.
1
c.e.CeCe.
1
c.e.CECe.
1
c.e.CECe.
1
..e.CECeC
3
..e.CECeC
-2
..e.CECeC
2
..e.CECeC
-2
..e.CECeC
3
2
0
0
0
2064
0
2065
1
2
j2065
j2064
1
.........
1
.c.......
1
.c.......
1
.c..e....
1
.c..e....
1
.c.Ce....
1
.c.Ce....
1
.c.Cee...
1
.c.Cee...
1
.c.Ceec..
1
.c.Ceec..
1
.c.Ceec.E
1
.c.Ceec.E
1
.c.CeeC.E
1
.c.CeeC.E
1
.cECeeC..
1
.cECeeC..
1
.CECeeC..
1
.CECeeC..
1
.CECeEC..
1
.CECeEC..
1
..ECeECc.
1
..ECeECc.
1
..ECEECc.
1
..ECEECc.
1
..EcEECc.
1
..EcEECc.
1
...cEECcE
1
...cEECcE
1
...cEECCE
1
...cEECCE
1
...cEeCCE
1
...cEeCCE
1
...cEeCcE
1
...cEeCcE
1
...ceeCcE
1
...ceeCcE
1
...CeeCcE
1
...CeeCcE
1
..ECeeCc.
1
..ECeeCc.
1
c.ECee.c.
1
c.ECee.c.
1
c.ECeE.c.
1
c.ECeE.c.
1
c.EceE.c.
1
c.EceE.c.
1
c.eceE.c.
1
c.eceE.c.
1
c.eceE.C.
1
c.eceE.C.
1
c.ecEE.C.
1
c.ecEE.C.
1
c.ecEE.c.
1
c.ecEE.c.
1
c..cEEEc.
1
c..cEEEc.
1
C..cEEEc.
1
C..cEEEc.
1
C..cEeEc.
1
C..cEeEc.
1
C..CEeEc.
1
C..CEeEc.
1
C..CeeEc.
1
C..CeeEc.
1
..CCeeEc.
1
..CCeeEc.
1
..CCeEEc.
1
..CCeEEc.
1
..cCeEEc.
1
..cCeEEc.
1
..cCEEEc.
1
..cCEEEc.
1
..ccEEEc.
1
..ccEEEc.
1
..cceEEc.
1
..cceEEc.
1
..cCeEEc.
1
..cCeEEc.
1
..cCEEEc.
1
..cCEEEc.
1
..CCEEEc.
1
..CCEEEc.
1
..CCEeEc.
1
..CCEeEc.
1
...CEeEcc
1
...CEeEcc
1
...CeeEcc
1
...CeeEcc
1
...CeeECc
1
...CeeECc
1
...CeeeCc
1
...CeeeCc
1
...CeeeCC
1
...CeeeCC
1
...CeEeCC
1
...CeEeCC
1
.c.CeEe.C
1
.c.CeEe.C
1
.ceCeE..C
1
.ceCeE..C
1
.CeCeE..C
1
.CeCeE..C
1
.CeCEE..C
1
.CeCEE..C
1
.CeCEE..c
1
.CeCEE..c
1
.C.CEEE.c
1
.C.CEEE.c
1
cC.CEEE..
1
cC.CEEE..
1
cC.CeEE..
0
0
0
0
2066
0
2067
1
2
j2067
j2066
1
.........
1
...c.....
1
...c.....
1
...c....e
1
...c....e
1
...cc...e
1
...cc...e
1
E..cc...e
1
E..cc...e
1
E..cc..ce
1
E..cc..ce
1
E..cce.ce
1
E..cce.ce
1
E..cCe.ce
1
E..cCe.ce
1
E..cCe.cE
1
E..cCe.cE
1
E..cCe.CE
1
E..cCe.CE
1
E..cCE.CE
1
E..cCE.CE
1
E..ccE.CE
1
E..ccE.CE
1
E..ccE.Ce
1
E..ccE.Ce
1
Ec.ccE..e
1
Ec.ccE..e
1
Ec.cce..e
1
Ec.cce..e
1
Ec.Cce..e
1
Ec.Cce..e
1
Ec.CcE..e
1
Ec.CcE..e
1
Ec.CCE..e
1
Ec.CCE..e
1
.cECCE..e
3
2
0
0
0
2068
0
2069
1
2
j2069
j2068
1
.........
1
C........
1
C........
1
C...e....
1
C...e....
1
C...e.c..
1
C...e.c..
1
C..Ee.c..
1
C..Ee.c..
1
C..Ee.cc.
1
C..Ee.cc.
1
C.EEe.cc.
1
C.EEe.cc.
1
C.EEe.cC.
1
C.EEe.cC.
1
C.Eee.cC.
1
C.Eee.cC.
1
c.Eee.cC.
1
c.Eee.cC.
1
c.EeE.cC.
1
c.EeE.cC.
1
ccEeE.c..
1
ccEeE.c..
1
cceeE.c..
1
cceeE.c..
1
cCeeE.c..
1
cCeeE.c..
1
cCeEE.c..
1
cCeEE.c..
1
cCeEE.C..
1
cCeEE.C..
1
cCeEe.C..
1
cCeEe.C..
1
cCeEe.c..
1
cCeEe.c..
1
cCe.eEc..
1
cCe.eEc..
1
cCe.eEC..
1
cCe.eEC..
1
cCeee.C..
1
cCeee.C..
1
c.eee.CC.
1
c.eee.CC.
1
c.eEe.CC.
1
c.eEe.CC.
1
..eEe.CCC
3
2
0
0
0
2070
0
2071
1
2
j2071
j2070
1
.........
1
...c.....
1
...c.....
1
...ce....
1
...ce....
1
..Cce....
1
..Cce....
1
E.Cce....
1
E.Cce....
1
E.Cce.C..
1
E.Cce.C..
1
E.CceEC..
1
E.CceEC..
1
E.CCeEC..
1
E.CCeEC..
1
E.CCeeC..
1
E.CCeeC..
1
E.CCeec..
1
E.CCeec..
1
E.CCEec..
1
E.CCEec..
1
E.cCEec..
1
E.cCEec..
1
e.cCEec..
1
e.cCEec..
1
e.ccEec..
1
e.ccEec..
1
e.cceec..
1
e.cceec..
1
e.Cceec..
1
e.Cceec..
1
e.CceEc..
1
e.CceEc..
1
e.CceEC..
1
e.CceEC..
1
e.CceeC..
1
e.CceeC..
1
e.CCeeC..
1
e.CCeeC..
1
e.CCeEC..
1
e.CCeEC..
1
e..CeEC.c
1
e..CeEC.c
1
e..CeeC.c
1
e..CeeC.c
1
e..Ceec.c
1
e..Ceec.c
1
e..CeEc.c
1
e..CeEc.c
1
e..CeEc.C
1
e..CeEc.C
1
e..CEEc.C
1
e..CEEc.C
1
e..CEEc.c
1
e..CEEc.c
1
e..CeEc.c
1
e..CeEc.c
1
e..ceEc.c
1
e..ceEc.c
1
e..cEEc.c
1
e..cEEc.c
1
e..cEEc.C
1
e..cEEc.C
1
e..ceEc.C
1
e..ceEc.C
1
e..CeEc.C
1
e..CeEc.C
1
e..Ceec.C
1
e..Ceec.C
1
e..ceec.C
1
e..ceec.C
1
E..ceec.C
1
E..ceec.C
1
E..ceec.c
1
E..ceec.c
1
e..ceec.c
1
e..ceec.c
1
e..ceec.C
1
e..ceec.C
1
e..ceEc.C
1
e..ceEc.C
1
e.CceE..C
1
e.CceE..C
1
e.Ccee..C
1
e.Ccee..C
1
e.CCee..C
1
e.CCee..C
1
e.CCEe..C
1
e.CCEe..C
1
e.CcEe..C
1
e.CcEe..C
1
e.CcEE..C
1
e.CcEE..C
1
e.CcEEc..
1
e.CcEEc..
1
e.CcEec..
1
e.CcEec..
1
e.CCEec..
1
e.CCEec..
1
E.CCEec..
1
E.CCEec..
1
E..CEec.C
1
E..CEec.C
1
E..Ceec.C
1
E..Ceec.C
1
E..ceec.C
1
E..ceec.C
1
E..ceEc.C
1
E..ceEc.C
1
E..CeEc.C
1
E..CeEc.C
1
E..Ceec.C
0
0
0
0
2072
0
2073
1
2
j2073
j2072
1
.........
1
....C....
1
....C....
1
....C..e.
1
....C..e.
1
..C.C..e.
1
..C.C..e.
1
E.C.C..e.
1
E.C.C..e.
1
E.C.C..eC
1
E.C.C..eC
1
E.C.C.EeC
1
E.C.C.EeC
1
E.C.c.EeC
1
E.C.c.EeC
1
E.C.c.eeC
1
E.C.c.eeC
1
E.C.C.eeC
1
E.C.C.eeC
1
E.C.C.EeC
1
E.C.C.EeC
1
E.c.C.EeC
1
E.c.C.EeC
1
E.c.C.eeC
1
E.c.C.eeC
1
E.c.C.eec
1
E.c.C.eec
1
e.c.C.eec
1
e.c.C.eec
1
e.C.C.eec
1
e.C.C.eec
1
E.C.C.eec
1
E.C.C.eec
1
E.C.c.eec
1
E.C.c.eec
1
E.C.c.eEc
1
E.C.c.eEc
1
E.C.C.eEc
1
E.C.C.eEc
1
EeC.C.e.c
1
EeC.C.e.c
1
EeC.c.e.c
1
EeC.c.e.c
1
eeC.c.e.c
1
eeC.c.e.c
1
eeC.c.e.C
1
eeC.c.e.C
1
EeC.c.e.C
1
EeC.c.e.C
1
Eec.c.e.C
1
Eec.c.e.C
1
EEc.c.e.C
1
EEc.c.e.C
1
EEC.c.e.C
1
EEC.c.e.C
1
eEC.c.e.C
1
eEC.c.e.C
1
eEc.c.e.C
1
eEc.c.e.C
1
eec.c.e.C
1
eec.c.e.C
1
eec.C.e.C
1
eec.C.e.C
1
eec.C.E.C
1
eec.C.E.C
1
eeC.C.E.C
1
eeC.C.E.C
1
e