0
1000
0
1001
1
2
j1001
j1000
1
.........
1
....C....
1
....C....
1
..e.C....
1
..e.C....
1
C.e.C....
1
C.e.C....
1
C.e.C...e
1
C.e.C...e
1
C.e.Cc..e
1
C.e.Cc..e
1
C.e.Cc.ee
1
C.e.Cc.ee
1
c.e.Cc.ee
1
c.e.Cc.ee
1
c.E.Cc.ee
1
c.E.Cc.ee
1
C.E.Cc.ee
1
C.E.Cc.ee
1
C.E.Cc.Ee
1
C.E.Cc.Ee
1
C.E.CC.Ee
1
C.E.CC.Ee
1
C.e.CC.Ee
1
C.e.CC.Ee
1
c.e.CC.Ee
1
c.e.CC.Ee
1
c.e.CC.ee
1
c.e.CC.ee
1
C.e.CC.ee
1
C.e.CC.ee
1
C.e.CC.eE
1
C.e.CC.eE
1
C.e.cC.eE
1
C.e.cC.eE
1
C.e.cCEe.
1
C.e.cCEe.
1
C.e.CCEe.
1
C.e.CCEe.
1
C.e.CC.eE
1
C.e.CC.eE
1
C.e.cC.eE
1
C.e.cC.eE
1
C.e.cCee.
1
C.e.cCee.
1
C.e.CCee.
1
C.e.CCee.
1
C.E.CCee.
1
C.E.CCee.
1
C.E.cCee.
1
C.E.cCee.
1
C...cCeee
3
2
0
0
0
1002
0
1003
1
2
j1003
j1002
1
.........
1
.....C...
1
.....C...
1
.E...C...
1
.E...C...
1
.E...C.C.
1
.E...C.C.
1
.E.E.C.C.
1
.E.E.C.C.
1
.E.E.CCC.
1
.E.E.CCC.
1
.EEE.CCC.
1
.EEE.CCC.
1
.EEE.cCC.
1
.EEE.cCC.
1
EE.E.cCC.
1
EE.E.cCC.
1
EE.E.CCC.
1
EE.E.CCC.
1
EE.e.CCC.
1
EE.e.CCC.
1
EE.e.CCc.
1
EE.e.CCc.
1
EE.E.CCc.
1
EE.E.CCc.
1
EE.E.Ccc.
1
EE.E.Ccc.
1
.EEE.Ccc.
1
.EEE.Ccc.
1
.EEE.ccc.
1
.EEE.ccc.
1
.EeE.ccc.
1
.EeE.ccc.
1
.EeE.Ccc.
1
.EeE.Ccc.
1
.Eee.Ccc.
1
.Eee.Ccc.
1
.Eee.ccc.
1
.Eee.ccc.
1
.EEe.ccc.
1
.EEe.ccc.
1
.EEe.cCc.
1
.EEe.cCc.
1
EE.e.cCc.
1
EE.e.cCc.
1
EE.e.CCc.
1
EE.e.CCc.
1
EE.E.CCc.
1
EE.E.CCc.
1
EE.E.CCC.
1
EE.E.CCC.
1
Ee.E.CCC.
1
Ee.E.CCC.
1
Ee.E.cCC.
1
Ee.E.cCC.
1
EE.E.cCC.
1
EE.E.cCC.
1
EE.E.cCc.
1
EE.E.cCc.
1
.EEE.cCc.
1
.EEE.cCc.
1
.EEE.CCc.
1
.EEE.CCc.
1
eE.E.CCc.
1
eE.E.CCc.
1
eE.E.cCc.
1
eE.E.cCc.
1
eE.e.cCc.
1
eE.e.cCc.
1
eE.e.ccc.
1
eE.e.ccc.
1
eE.E.ccc.
1
eE.E.ccc.
1
eE.E.ccC.
1
eE.E.ccC.
1
EE.E.ccC.
1
EE.E.ccC.
1
EE.E.CcC.
1
EE.E.CcC.
1
.EeE.CcC.
1
.EeE.CcC.
1
.EeE.Ccc.
1
.EeE.Ccc.
1
.EEE.Ccc.
1
.EEE.Ccc.
1
.EEE.CcC.
1
.EEE.CcC.
1
.EEe.CcC.
1
.EEe.CcC.
1
.EEe.Ccc.
1
.EEe.Ccc.
1
.EEE.Ccc.
1
.EEE.Ccc.
1
.EEE.ccc.
1
.EEE.ccc.
1
.EEe.ccc.
1
.EEe.ccc.
1
.EEe.ccC.
1
.EEe.ccC.
1
.EEE.ccC.
1
.EEE.ccC.
1
.EEE.ccc.
1
.EEE.ccc.
1
.eEE.ccc.
1
.eEE.ccc.
1
.eEE.ccC.
1
.eEE.ccC.
1
.EEE.ccC.
1
.EEE.ccC.
1
.EEE.CcC.
1
.EEE.CcC.
1
.eEE.CcC.
0
0
0
0
1004
0
1005
1
2
j1005
j1004
1
.........
1
.C.......
1
.C.......
1
.C....E..
1
.C....E..
1
CC....E..
1
CC....E..
1
CC...EE..
1
CC...EE..
1
CC..cEE..
1
CC..cEE..
1
CC..cEE.e
1
CC..cEE.e
1
CC..CEE.e
1
CC..CEE.e
1
CC.EC.E.e
1
CC.EC.E.e
1
Cc.EC.E.e
1
Cc.EC.E.e
1
Cc.EC.e.e
1
Cc.EC.e.e
1
.cCEC.e.e
1
.cCEC.e.e
1
ecCEC.e..
3
2
0
0
0
1006
0
1007
1
2
j1007
j1006
1
.........
1
...c.....
1
...c.....
1
...c..E..
1
...c..E..
1
...c..E.c
1
...c..E.c
1
E..c..E.c
1
E..c..E.c
1
E.cc..E.c
1
E.cc..E.c
1
E.cc.eE.c
1
E.cc.eE.c
1
E.cc.eE.C
1
E.cc.eE.C
1
e.cc.eE.C
1
e.cc.eE.C
1
e.Cc.eE.C
1
e.Cc.eE.C
1
e.Cc.ee.C
1
e.Cc.ee.C
1
e.cc.ee.C
1
e.cc.ee.C
1
E.cc.ee.C
1
E.cc.ee.C
1
E.cC.ee.C
1
E.cC.ee.C
1
E.cC.Ee.C
1
E.cC.Ee.C
1
E.CC.Ee.C
1
E.CC.Ee.C
1
E.CC.ee.C
1
E.CC.ee.C
1
E.cC.ee.C
1
E.cC.ee.C
1
E.cC.eE.C
1
E.cC.eE.C
1
E.cc.eE.C
1
E.cc.eE.C
1
E.cc.ee.C
1
E.cc.ee.C
1
E.Cc.ee.C
1
E.Cc.ee.C
1
e.Cc.ee.C
1
e.Cc.ee.C
1
e.CC.ee.C
1
e.CC.ee.C
1
E.CC.ee.C
1
E.CC.ee.C
1
E.cC.ee.C
1
E.cC.ee.C
1
E.cC.Ee.C
1
E.cC.Ee.C
1
E.CC.Ee.C
1
E.CC.Ee.C
1
E.CC.EE.C
1
E.CC.EE.C
1
E.Cc.EE.C
1
E.Cc.EE.C
1
E.Cc.eE.C
1
E.Cc.eE.C
1
E.CC.eE.C
1
E.CC.eE.C
1
E.CC.ee.C
1
E.CC.ee.C
1
E.cC.ee.C
1
E.cC.ee.C
1
e.cC.ee.C
1
e.cC.ee.C
1
e.CC.ee.C
1
e.CC.ee.C
1
e.CC.Ee.C
1
e.CC.Ee.C
1
e.CC.Ee.c
1
e.CC.Ee.c
1
E.CC.Ee.c
1
E.CC.Ee.c
1
E.cC.Ee.c
1
E.cC.Ee.c
1
E.cC.EE.c
1
E.cC.EE.c
1
E.CC.EE.c
1
E.CC.EE.c
1
e.CC.EE.c
1
e.CC.EE.c
1
e.Cc.EE.c
1
e.Cc.EE.c
1
e.Cc.eE.c
1
e.Cc.eE.c
1
e.CC.eE.c
1
e.CC.eE.c
1
e.CC.EE.c
